2026-06-20 01:38:17,654 - aqt.main - INFO - installer 22616 aqtinstall(aqt) v3.3.0 on Python 3.13.7 [CPython MSC v.1944 64 bit (AMD64)]
2026-06-20 01:38:17,656 - aqt.helper - DEBUG - helper 22616 Attempt to download checksum at https://download.qt.io/online/qtsdkrepository/windows_x86/desktop/qt5_5152/Updates.xml.sha256
2026-06-20 01:38:21,110 - aqt.helper - DEBUG - helper 31928 Attempt to download checksum at https://download.qt.io/online/qtsdkrepository/windows_x86/desktop/qt5_5152/qt.qt5.5152.win64_msvc2019_64/5.15.2-0-202011130602qtbase-Windows-Windows_10-MSVC2019-Windows-Windows_10-X86_64.7z.sha256
2026-06-20 01:38:21,112 - aqt.helper - DEBUG - helper 13692 Attempt to download checksum at https://download.qt.io/online/qtsdkrepository/windows_x86/desktop/qt5_5152/qt.qt5.5152.win64_msvc2019_64/5.15.2-0-202011130602qtactiveqt-Windows-Windows_10-MSVC2019-Windows-Windows_10-X86_64.7z.sha256
2026-06-20 01:38:21,114 - aqt.helper - DEBUG - helper 59464 Attempt to download checksum at https://download.qt.io/online/qtsdkrepository/windows_x86/desktop/qt5_5152/qt.qt5.5152.win64_msvc2019_64/5.15.2-0-202011130602qttranslations-Windows-Windows_10-MSVC2019-Windows-Windows_10-X86_64.7z.sha256
2026-06-20 01:38:21,158 - aqt.helper - DEBUG - helper 41652 Attempt to download checksum at https://download.qt.io/online/qtsdkrepository/windows_x86/desktop/qt5_5152/qt.qt5.5152.win64_msvc2019_64/5.15.2-0-202011130602qtsvg-Windows-Windows_10-MSVC2019-Windows-Windows_10-X86_64.7z.sha256
2026-06-20 01:38:22,207 - aqt.helper - INFO - helper 13692 Downloading qtactiveqt...
2026-06-20 01:38:22,209 - aqt.helper - INFO - helper 31928 Downloading qtbase...
2026-06-20 01:38:22,209 - aqt.helper - INFO - helper 41652 Downloading qtsvg...
2026-06-20 01:38:22,214 - aqt.helper - INFO - helper 59464 Downloading qttranslations...
2026-06-20 01:38:22,209 - aqt.installer - DEBUG - installer 13692 Download URL: https://download.qt.io/online/qtsdkrepository/windows_x86/desktop/qt5_5152/qt.qt5.5152.win64_msvc2019_64/5.15.2-0-202011130602qtactiveqt-Windows-Windows_10-MSVC2019-Windows-Windows_10-X86_64.7z
2026-06-20 01:38:22,210 - aqt.installer - DEBUG - installer 31928 Download URL: https://download.qt.io/online/qtsdkrepository/windows_x86/desktop/qt5_5152/qt.qt5.5152.win64_msvc2019_64/5.15.2-0-202011130602qtbase-Windows-Windows_10-MSVC2019-Windows-Windows_10-X86_64.7z
2026-06-20 01:38:22,211 - aqt.installer - DEBUG - installer 41652 Download URL: https://download.qt.io/online/qtsdkrepository/windows_x86/desktop/qt5_5152/qt.qt5.5152.win64_msvc2019_64/5.15.2-0-202011130602qtsvg-Windows-Windows_10-MSVC2019-Windows-Windows_10-X86_64.7z
2026-06-20 01:38:22,215 - aqt.installer - DEBUG - installer 59464 Download URL: https://download.qt.io/online/qtsdkrepository/windows_x86/desktop/qt5_5152/qt.qt5.5152.win64_msvc2019_64/5.15.2-0-202011130602qttranslations-Windows-Windows_10-MSVC2019-Windows-Windows_10-X86_64.7z
2026-06-20 01:38:23,286 - aqt.helper - DEBUG - helper 59464 Asked to redirect(302) to: https://mirror.maeen.sa/qtproject/online/qtsdkrepository/windows_x86/desktop/qt5_5152/qt.qt5.5152.win64_msvc2019_64/5.15.2-0-202011130602qttranslations-Windows-Windows_10-MSVC2019-Windows-Windows_10-X86_64.7z
2026-06-20 01:38:23,286 - aqt.helper - INFO - helper 59464 Redirected: mirror.maeen.sa
2026-06-20 01:38:23,290 - aqt.helper - DEBUG - helper 31928 Asked to redirect(302) to: https://mirror.maeen.sa/qtproject/online/qtsdkrepository/windows_x86/desktop/qt5_5152/qt.qt5.5152.win64_msvc2019_64/5.15.2-0-202011130602qtbase-Windows-Windows_10-MSVC2019-Windows-Windows_10-X86_64.7z
2026-06-20 01:38:23,291 - aqt.helper - INFO - helper 31928 Redirected: mirror.maeen.sa
2026-06-20 01:38:23,293 - aqt.helper - DEBUG - helper 13692 Asked to redirect(302) to: https://mirror.maeen.sa/qtproject/online/qtsdkrepository/windows_x86/desktop/qt5_5152/qt.qt5.5152.win64_msvc2019_64/5.15.2-0-202011130602qtactiveqt-Windows-Windows_10-MSVC2019-Windows-Windows_10-X86_64.7z
2026-06-20 01:38:23,293 - aqt.helper - INFO - helper 13692 Redirected: mirror.maeen.sa
2026-06-20 01:38:23,380 - aqt.helper - DEBUG - helper 41652 Asked to redirect(302) to: https://mirror.maeen.sa/qtproject/online/qtsdkrepository/windows_x86/desktop/qt5_5152/qt.qt5.5152.win64_msvc2019_64/5.15.2-0-202011130602qtsvg-Windows-Windows_10-MSVC2019-Windows-Windows_10-X86_64.7z
2026-06-20 01:38:23,380 - aqt.helper - INFO - helper 41652 Redirected: mirror.maeen.sa
2026-06-20 01:38:49,241 - aqt.helper - WARNING - helper 59464 Connection to 'https://download.qt.io' failed. Retrying with fallback 'https://ftp2.nluug.nl/languages/qt/'.
2026-06-20 01:38:49,241 - aqt.helper - WARNING - helper 31928 Connection to 'https://download.qt.io' failed. Retrying with fallback 'https://mirrors.dotsrc.org/qtproject/'.
2026-06-20 01:38:49,242 - aqt.installer - DEBUG - installer 59464 Download URL: https://ftp2.nluug.nl/languages/qt/online/qtsdkrepository/windows_x86/desktop/qt5_5152/qt.qt5.5152.win64_msvc2019_64/5.15.2-0-202011130602qttranslations-Windows-Windows_10-MSVC2019-Windows-Windows_10-X86_64.7z
2026-06-20 01:38:49,244 - aqt.installer - DEBUG - installer 31928 Download URL: https://mirrors.dotsrc.org/qtproject/online/qtsdkrepository/windows_x86/desktop/qt5_5152/qt.qt5.5152.win64_msvc2019_64/5.15.2-0-202011130602qtbase-Windows-Windows_10-MSVC2019-Windows-Windows_10-X86_64.7z
2026-06-20 01:38:49,241 - aqt.helper - WARNING - helper 13692 Connection to 'https://download.qt.io' failed. Retrying with fallback 'https://mirrors.aliyun.com/qt/'.
2026-06-20 01:38:49,242 - aqt.helper - WARNING - helper 41652 Connection to 'https://download.qt.io' failed. Retrying with fallback 'https://qt.mirror.constant.com/'.
2026-06-20 01:38:49,248 - aqt.installer - DEBUG - installer 41652 Download URL: https://qt.mirror.constant.com/online/qtsdkrepository/windows_x86/desktop/qt5_5152/qt.qt5.5152.win64_msvc2019_64/5.15.2-0-202011130602qtsvg-Windows-Windows_10-MSVC2019-Windows-Windows_10-X86_64.7z
2026-06-20 01:38:49,247 - aqt.installer - DEBUG - installer 13692 Download URL: https://mirrors.aliyun.com/qt/online/qtsdkrepository/windows_x86/desktop/qt5_5152/qt.qt5.5152.win64_msvc2019_64/5.15.2-0-202011130602qtactiveqt-Windows-Windows_10-MSVC2019-Windows-Windows_10-X86_64.7z
2026-06-20 01:38:51,446 - aqt.installer - INFO - installer 41652 Finished installation of qtsvg-Windows-Windows_10-MSVC2019-Windows-Windows_10-X86_64.7z in 30.29306740
2026-06-20 01:38:51,469 - aqt.helper - DEBUG - helper 41652 Attempt to download checksum at https://download.qt.io/online/qtsdkrepository/windows_x86/desktop/qt5_5152/qt.qt5.5152.win64_msvc2019_64/5.15.2-0-202011130602qtdeclarative-Windows-Windows_10-MSVC2019-Windows-Windows_10-X86_64.7z.sha256
2026-06-20 01:38:53,113 - aqt.installer - INFO - installer 13692 Finished installation of qtactiveqt-Windows-Windows_10-MSVC2019-Windows-Windows_10-X86_64.7z in 32.00527410
2026-06-20 01:38:53,132 - aqt.helper - DEBUG - helper 13692 Attempt to download checksum at https://download.qt.io/online/qtsdkrepository/windows_x86/desktop/qt5_5152/qt.qt5.5152.win64_msvc2019_64/5.15.2-0-202011130602qtmultimedia-Windows-Windows_10-MSVC2019-Windows-Windows_10-X86_64.7z.sha256
2026-06-20 01:38:53,328 - aqt.helper - INFO - helper 41652 Downloading qtdeclarative...
2026-06-20 01:38:53,328 - aqt.installer - DEBUG - installer 41652 Download URL: https://download.qt.io/online/qtsdkrepository/windows_x86/desktop/qt5_5152/qt.qt5.5152.win64_msvc2019_64/5.15.2-0-202011130602qtdeclarative-Windows-Windows_10-MSVC2019-Windows-Windows_10-X86_64.7z
2026-06-20 01:38:53,950 - aqt.helper - INFO - helper 13692 Downloading qtmultimedia...
2026-06-20 01:38:53,950 - aqt.installer - DEBUG - installer 13692 Download URL: https://download.qt.io/online/qtsdkrepository/windows_x86/desktop/qt5_5152/qt.qt5.5152.win64_msvc2019_64/5.15.2-0-202011130602qtmultimedia-Windows-Windows_10-MSVC2019-Windows-Windows_10-X86_64.7z
2026-06-20 01:38:54,131 - aqt.helper - DEBUG - helper 41652 Asked to redirect(302) to: https://mirror.maeen.sa/qtproject/online/qtsdkrepository/windows_x86/desktop/qt5_5152/qt.qt5.5152.win64_msvc2019_64/5.15.2-0-202011130602qtdeclarative-Windows-Windows_10-MSVC2019-Windows-Windows_10-X86_64.7z
2026-06-20 01:38:54,131 - aqt.helper - INFO - helper 41652 Redirected: mirror.maeen.sa
2026-06-20 01:38:54,825 - aqt.helper - DEBUG - helper 13692 Asked to redirect(302) to: https://mirror.maeen.sa/qtproject/online/qtsdkrepository/windows_x86/desktop/qt5_5152/qt.qt5.5152.win64_msvc2019_64/5.15.2-0-202011130602qtmultimedia-Windows-Windows_10-MSVC2019-Windows-Windows_10-X86_64.7z
2026-06-20 01:38:54,825 - aqt.helper - INFO - helper 13692 Redirected: mirror.maeen.sa
2026-06-20 01:39:00,316 - aqt.helper - DEBUG - helper 59464 Attempt to download checksum at https://download.qt.io/online/qtsdkrepository/windows_x86/desktop/qt5_5152/qt.qt5.5152.win64_msvc2019_64/5.15.2-0-202011130602qtwinextras-Windows-Windows_10-MSVC2019-Windows-Windows_10-X86_64.7z.sha256
2026-06-20 01:39:01,088 - aqt.helper - INFO - helper 59464 Downloading qtwinextras...
2026-06-20 01:39:01,089 - aqt.installer - DEBUG - installer 59464 Download URL: https://download.qt.io/online/qtsdkrepository/windows_x86/desktop/qt5_5152/qt.qt5.5152.win64_msvc2019_64/5.15.2-0-202011130602qtwinextras-Windows-Windows_10-MSVC2019-Windows-Windows_10-X86_64.7z
2026-06-20 01:39:01,854 - aqt.helper - DEBUG - helper 59464 Asked to redirect(302) to: https://mirror.maeen.sa/qtproject/online/qtsdkrepository/windows_x86/desktop/qt5_5152/qt.qt5.5152.win64_msvc2019_64/5.15.2-0-202011130602qtwinextras-Windows-Windows_10-MSVC2019-Windows-Windows_10-X86_64.7z
2026-06-20 01:39:01,855 - aqt.helper - INFO - helper 59464 Redirected: mirror.maeen.sa
2026-06-20 01:39:06,254 - aqt.installer - INFO - installer 31928 Finished installation of qtbase-Windows-Windows_10-MSVC2019-Windows-Windows_10-X86_64.7z in 45.14731110
2026-06-20 01:39:06,278 - aqt.helper - DEBUG - helper 31928 Attempt to download checksum at https://download.qt.io/online/qtsdkrepository/windows_x86/desktop/qt5_5152/qt.qt5.5152.win64_msvc2019_64/5.15.2-0-202011130602qtconnectivity-Windows-Windows_10-MSVC2019-Windows-Windows_10-X86_64.7z.sha256
2026-06-20 01:39:07,085 - aqt.helper - INFO - helper 31928 Downloading qtconnectivity...
2026-06-20 01:39:07,085 - aqt.installer - DEBUG - installer 31928 Download URL: https://download.qt.io/online/qtsdkrepository/windows_x86/desktop/qt5_5152/qt.qt5.5152.win64_msvc2019_64/5.15.2-0-202011130602qtconnectivity-Windows-Windows_10-MSVC2019-Windows-Windows_10-X86_64.7z
2026-06-20 01:39:07,860 - aqt.helper - DEBUG - helper 31928 Asked to redirect(302) to: https://mirror.maeen.sa/qtproject/online/qtsdkrepository/windows_x86/desktop/qt5_5152/qt.qt5.5152.win64_msvc2019_64/5.15.2-0-202011130602qtconnectivity-Windows-Windows_10-MSVC2019-Windows-Windows_10-X86_64.7z
2026-06-20 01:39:07,860 - aqt.helper - INFO - helper 31928 Redirected: mirror.maeen.sa
2026-06-20 01:39:18,204 - aqt.helper - WARNING - helper 41652 Connection to 'https://download.qt.io' failed. Retrying with fallback 'https://ftp.yz.yamagata-u.ac.jp/pub/qtproject/'.
2026-06-20 01:39:18,205 - aqt.installer - DEBUG - installer 41652 Download URL: https://ftp.yz.yamagata-u.ac.jp/pub/qtproject/online/qtsdkrepository/windows_x86/desktop/qt5_5152/qt.qt5.5152.win64_msvc2019_64/5.15.2-0-202011130602qtdeclarative-Windows-Windows_10-MSVC2019-Windows-Windows_10-X86_64.7z
2026-06-20 01:39:18,887 - aqt.helper - WARNING - helper 13692 Connection to 'https://download.qt.io' failed. Retrying with fallback 'https://ftp1.nluug.nl/languages/qt/'.
2026-06-20 01:39:18,888 - aqt.installer - DEBUG - installer 13692 Download URL: https://ftp1.nluug.nl/languages/qt/online/qtsdkrepository/windows_x86/desktop/qt5_5152/qt.qt5.5152.win64_msvc2019_64/5.15.2-0-202011130602qtmultimedia-Windows-Windows_10-MSVC2019-Windows-Windows_10-X86_64.7z
2026-06-20 01:39:25,934 - aqt.helper - WARNING - helper 59464 Connection to 'https://download.qt.io' failed. Retrying with fallback 'https://ftp1.nluug.nl/languages/qt/'.
2026-06-20 01:39:25,934 - aqt.installer - DEBUG - installer 59464 Download URL: https://ftp1.nluug.nl/languages/qt/online/qtsdkrepository/windows_x86/desktop/qt5_5152/qt.qt5.5152.win64_msvc2019_64/5.15.2-0-202011130602qtwinextras-Windows-Windows_10-MSVC2019-Windows-Windows_10-X86_64.7z
2026-06-20 01:39:27,690 - aqt.helper - DEBUG - helper 13692 Attempt to download checksum at https://download.qt.io/online/qtsdkrepository/windows_x86/desktop/qt5_5152/qt.qt5.5152.win64_msvc2019_64/5.15.2-0-202011130602qttools-Windows-Windows_10-MSVC2019-Windows-Windows_10-X86_64.7z.sha256
2026-06-20 01:39:28,542 - aqt.helper - INFO - helper 13692 Downloading qttools...
2026-06-20 01:39:28,543 - aqt.installer - DEBUG - installer 13692 Download URL: https://download.qt.io/online/qtsdkrepository/windows_x86/desktop/qt5_5152/qt.qt5.5152.win64_msvc2019_64/5.15.2-0-202011130602qttools-Windows-Windows_10-MSVC2019-Windows-Windows_10-X86_64.7z
2026-06-20 01:39:29,319 - aqt.helper - DEBUG - helper 13692 Asked to redirect(302) to: https://mirror.maeen.sa/qtproject/online/qtsdkrepository/windows_x86/desktop/qt5_5152/qt.qt5.5152.win64_msvc2019_64/5.15.2-0-202011130602qttools-Windows-Windows_10-MSVC2019-Windows-Windows_10-X86_64.7z
2026-06-20 01:39:29,319 - aqt.helper - INFO - helper 13692 Redirected: mirror.maeen.sa
2026-06-20 01:39:31,931 - aqt.helper - WARNING - helper 31928 Connection to 'https://download.qt.io' failed. Retrying with fallback 'https://master.qt.io/'.
2026-06-20 01:39:31,932 - aqt.installer - DEBUG - installer 31928 Download URL: https://master.qt.io/online/qtsdkrepository/windows_x86/desktop/qt5_5152/qt.qt5.5152.win64_msvc2019_64/5.15.2-0-202011130602qtconnectivity-Windows-Windows_10-MSVC2019-Windows-Windows_10-X86_64.7z
2026-06-20 01:39:33,366 - aqt.helper - DEBUG - helper 59464 Attempt to download checksum at https://download.qt.io/online/qtsdkrepository/windows_x86/desktop/qt5_5152/qt.qt5.5152.win64_msvc2019_64/5.15.2-0-202011130602qtsensors-Windows-Windows_10-MSVC2019-Windows-Windows_10-X86_64.7z.sha256
2026-06-20 01:39:34,123 - aqt.helper - INFO - helper 59464 Downloading qtsensors...
2026-06-20 01:39:34,124 - aqt.installer - DEBUG - installer 59464 Download URL: https://download.qt.io/online/qtsdkrepository/windows_x86/desktop/qt5_5152/qt.qt5.5152.win64_msvc2019_64/5.15.2-0-202011130602qtsensors-Windows-Windows_10-MSVC2019-Windows-Windows_10-X86_64.7z
2026-06-20 01:39:34,126 - aqt.installer - INFO - installer 31928 Finished installation of qtconnectivity-Windows-Windows_10-MSVC2019-Windows-Windows_10-X86_64.7z in 27.85189930
2026-06-20 01:39:34,151 - aqt.helper - DEBUG - helper 31928 Attempt to download checksum at https://download.qt.io/online/qtsdkrepository/windows_x86/desktop/qt5_5152/qt.qt5.5152.win64_msvc2019_64/5.15.2-0-202011130602qtwebchannel-Windows-Windows_10-MSVC2019-Windows-Windows_10-X86_64.7z.sha256
2026-06-20 01:39:35,173 - aqt.helper - DEBUG - helper 59464 Asked to redirect(302) to: https://mirror.maeen.sa/qtproject/online/qtsdkrepository/windows_x86/desktop/qt5_5152/qt.qt5.5152.win64_msvc2019_64/5.15.2-0-202011130602qtsensors-Windows-Windows_10-MSVC2019-Windows-Windows_10-X86_64.7z
2026-06-20 01:39:35,174 - aqt.helper - INFO - helper 59464 Redirected: mirror.maeen.sa
2026-06-20 01:39:35,177 - aqt.helper - INFO - helper 31928 Downloading qtwebchannel...
2026-06-20 01:39:35,177 - aqt.installer - DEBUG - installer 31928 Download URL: https://download.qt.io/online/qtsdkrepository/windows_x86/desktop/qt5_5152/qt.qt5.5152.win64_msvc2019_64/5.15.2-0-202011130602qtwebchannel-Windows-Windows_10-MSVC2019-Windows-Windows_10-X86_64.7z
2026-06-20 01:39:35,913 - aqt.helper - DEBUG - helper 31928 Asked to redirect(302) to: https://mirror.maeen.sa/qtproject/online/qtsdkrepository/windows_x86/desktop/qt5_5152/qt.qt5.5152.win64_msvc2019_64/5.15.2-0-202011130602qtwebchannel-Windows-Windows_10-MSVC2019-Windows-Windows_10-X86_64.7z
2026-06-20 01:39:35,913 - aqt.helper - INFO - helper 31928 Redirected: mirror.maeen.sa
2026-06-20 01:39:39,052 - aqt.installer - INFO - installer 41652 Finished installation of qtdeclarative-Windows-Windows_10-MSVC2019-Windows-Windows_10-X86_64.7z in 47.59020620
2026-06-20 01:39:39,077 - aqt.helper - DEBUG - helper 41652 Attempt to download checksum at https://download.qt.io/online/qtsdkrepository/windows_x86/desktop/qt5_5152/qt.qt5.5152.win64_msvc2019_64/5.15.2-0-202011130602qtserialport-Windows-Windows_10-MSVC2019-Windows-Windows_10-X86_64.7z.sha256
2026-06-20 01:39:39,869 - aqt.helper - INFO - helper 41652 Downloading qtserialport...
2026-06-20 01:39:39,870 - aqt.installer - DEBUG - installer 41652 Download URL: https://download.qt.io/online/qtsdkrepository/windows_x86/desktop/qt5_5152/qt.qt5.5152.win64_msvc2019_64/5.15.2-0-202011130602qtserialport-Windows-Windows_10-MSVC2019-Windows-Windows_10-X86_64.7z
2026-06-20 01:39:40,678 - aqt.helper - DEBUG - helper 41652 Asked to redirect(302) to: https://mirror.maeen.sa/qtproject/online/qtsdkrepository/windows_x86/desktop/qt5_5152/qt.qt5.5152.win64_msvc2019_64/5.15.2-0-202011130602qtserialport-Windows-Windows_10-MSVC2019-Windows-Windows_10-X86_64.7z
2026-06-20 01:39:40,679 - aqt.helper - INFO - helper 41652 Redirected: mirror.maeen.sa
2026-06-20 01:39:53,419 - aqt.helper - WARNING - helper 13692 Connection to 'https://download.qt.io' failed. Retrying with fallback 'https://mirrors.ustc.edu.cn/qtproject/'.
2026-06-20 01:39:53,419 - aqt.installer - DEBUG - installer 13692 Download URL: https://mirrors.ustc.edu.cn/qtproject/online/qtsdkrepository/windows_x86/desktop/qt5_5152/qt.qt5.5152.win64_msvc2019_64/5.15.2-0-202011130602qttools-Windows-Windows_10-MSVC2019-Windows-Windows_10-X86_64.7z
2026-06-20 01:39:57,458 - aqt.helper - INFO - helper 13692 Downloading qttools: attempt #2...
2026-06-20 01:39:57,459 - aqt.installer - DEBUG - installer 13692 Download URL: https://download.qt.io/online/qtsdkrepository/windows_x86/desktop/qt5_5152/qt.qt5.5152.win64_msvc2019_64/5.15.2-0-202011130602qttools-Windows-Windows_10-MSVC2019-Windows-Windows_10-X86_64.7z
2026-06-20 01:39:58,262 - aqt.helper - DEBUG - helper 13692 Asked to redirect(302) to: https://mirror.maeen.sa/qtproject/online/qtsdkrepository/windows_x86/desktop/qt5_5152/qt.qt5.5152.win64_msvc2019_64/5.15.2-0-202011130602qttools-Windows-Windows_10-MSVC2019-Windows-Windows_10-X86_64.7z
2026-06-20 01:39:58,262 - aqt.helper - INFO - helper 13692 Redirected: mirror.maeen.sa
2026-06-20 01:39:59,230 - aqt.helper - WARNING - helper 59464 Connection to 'https://download.qt.io' failed. Retrying with fallback 'https://mirrors.ukfast.co.uk/sites/qt.io/'.
2026-06-20 01:39:59,230 - aqt.installer - DEBUG - installer 59464 Download URL: https://mirrors.ukfast.co.uk/sites/qt.io/online/qtsdkrepository/windows_x86/desktop/qt5_5152/qt.qt5.5152.win64_msvc2019_64/5.15.2-0-202011130602qtsensors-Windows-Windows_10-MSVC2019-Windows-Windows_10-X86_64.7z
2026-06-20 01:39:59,978 - aqt.helper - WARNING - helper 31928 Connection to 'https://download.qt.io' failed. Retrying with fallback 'https://ftp.jaist.ac.jp/pub/qtproject/'.
2026-06-20 01:39:59,978 - aqt.installer - DEBUG - installer 31928 Download URL: https://ftp.jaist.ac.jp/pub/qtproject/online/qtsdkrepository/windows_x86/desktop/qt5_5152/qt.qt5.5152.win64_msvc2019_64/5.15.2-0-202011130602qtwebchannel-Windows-Windows_10-MSVC2019-Windows-Windows_10-X86_64.7z
2026-06-20 01:40:01,095 - aqt.installer - INFO - installer 59464 Finished installation of qtsensors-Windows-Windows_10-MSVC2019-Windows-Windows_10-X86_64.7z in 27.73418740
2026-06-20 01:40:01,110 - aqt.helper - DEBUG - helper 59464 Attempt to download checksum at https://download.qt.io/online/qtsdkrepository/windows_x86/desktop/qt5_5152/qt.qt5.5152.win64_msvc2019_64/5.15.2-0-202011130602qtwebsockets-Windows-Windows_10-MSVC2019-Windows-Windows_10-X86_64.7z.sha256
2026-06-20 01:40:01,863 - aqt.helper - INFO - helper 59464 Downloading qtwebsockets...
2026-06-20 01:40:01,863 - aqt.installer - DEBUG - installer 59464 Download URL: https://download.qt.io/online/qtsdkrepository/windows_x86/desktop/qt5_5152/qt.qt5.5152.win64_msvc2019_64/5.15.2-0-202011130602qtwebsockets-Windows-Windows_10-MSVC2019-Windows-Windows_10-X86_64.7z
2026-06-20 01:40:02,672 - aqt.helper - DEBUG - helper 59464 Asked to redirect(302) to: https://mirror.maeen.sa/qtproject/online/qtsdkrepository/windows_x86/desktop/qt5_5152/qt.qt5.5152.win64_msvc2019_64/5.15.2-0-202011130602qtwebsockets-Windows-Windows_10-MSVC2019-Windows-Windows_10-X86_64.7z
2026-06-20 01:40:02,673 - aqt.helper - INFO - helper 59464 Redirected: mirror.maeen.sa
2026-06-20 01:40:04,742 - aqt.helper - WARNING - helper 41652 Connection to 'https://download.qt.io' failed. Retrying with fallback 'https://mirrors.aliyun.com/qt/'.
2026-06-20 01:40:04,743 - aqt.installer - DEBUG - installer 41652 Download URL: https://mirrors.aliyun.com/qt/online/qtsdkrepository/windows_x86/desktop/qt5_5152/qt.qt5.5152.win64_msvc2019_64/5.15.2-0-202011130602qtserialport-Windows-Windows_10-MSVC2019-Windows-Windows_10-X86_64.7z
2026-06-20 01:40:04,882 - aqt.installer - INFO - installer 31928 Finished installation of qtwebchannel-Windows-Windows_10-MSVC2019-Windows-Windows_10-X86_64.7z in 30.73569320
2026-06-20 01:40:04,907 - aqt.helper - DEBUG - helper 31928 Attempt to download checksum at https://download.qt.io/online/qtsdkrepository/windows_x86/desktop/qt5_5152/qt.qt5.5152.win64_msvc2019_64/5.15.2-0-202011130602qtlocation-Windows-Windows_10-MSVC2019-Windows-Windows_10-X86_64.7z.sha256
2026-06-20 01:40:05,823 - aqt.helper - INFO - helper 31928 Downloading qtlocation...
2026-06-20 01:40:05,824 - aqt.installer - DEBUG - installer 31928 Download URL: https://download.qt.io/online/qtsdkrepository/windows_x86/desktop/qt5_5152/qt.qt5.5152.win64_msvc2019_64/5.15.2-0-202011130602qtlocation-Windows-Windows_10-MSVC2019-Windows-Windows_10-X86_64.7z
2026-06-20 01:40:06,591 - aqt.installer - INFO - installer 41652 Finished installation of qtserialport-Windows-Windows_10-MSVC2019-Windows-Windows_10-X86_64.7z in 27.51749330
2026-06-20 01:40:06,609 - aqt.helper - DEBUG - helper 41652 Attempt to download checksum at https://download.qt.io/online/qtsdkrepository/windows_x86/desktop/qt5_5152/qt.qt5.5152.win64_msvc2019_64/5.15.2-0-202011130602qtquickcontrols-Windows-Windows_10-MSVC2019-Windows-Windows_10-X86_64.7z.sha256
2026-06-20 01:40:06,624 - aqt.helper - DEBUG - helper 31928 Asked to redirect(302) to: https://mirror.maeen.sa/qtproject/online/qtsdkrepository/windows_x86/desktop/qt5_5152/qt.qt5.5152.win64_msvc2019_64/5.15.2-0-202011130602qtlocation-Windows-Windows_10-MSVC2019-Windows-Windows_10-X86_64.7z
2026-06-20 01:40:06,624 - aqt.helper - INFO - helper 31928 Redirected: mirror.maeen.sa
2026-06-20 01:40:07,375 - aqt.helper - INFO - helper 41652 Downloading qtquickcontrols...
2026-06-20 01:40:07,376 - aqt.installer - DEBUG - installer 41652 Download URL: https://download.qt.io/online/qtsdkrepository/windows_x86/desktop/qt5_5152/qt.qt5.5152.win64_msvc2019_64/5.15.2-0-202011130602qtquickcontrols-Windows-Windows_10-MSVC2019-Windows-Windows_10-X86_64.7z
2026-06-20 01:40:08,175 - aqt.helper - DEBUG - helper 41652 Asked to redirect(302) to: https://mirror.maeen.sa/qtproject/online/qtsdkrepository/windows_x86/desktop/qt5_5152/qt.qt5.5152.win64_msvc2019_64/5.15.2-0-202011130602qtquickcontrols-Windows-Windows_10-MSVC2019-Windows-Windows_10-X86_64.7z
2026-06-20 01:40:08,176 - aqt.helper - INFO - helper 41652 Redirected: mirror.maeen.sa
2026-06-20 01:40:22,349 - aqt.helper - WARNING - helper 13692 Connection to 'https://download.qt.io' failed. Retrying with fallback 'https://mirror.netcologne.de/qtproject/'.
2026-06-20 01:40:22,350 - aqt.installer - DEBUG - installer 13692 Download URL: https://mirror.netcologne.de/qtproject/online/qtsdkrepository/windows_x86/desktop/qt5_5152/qt.qt5.5152.win64_msvc2019_64/5.15.2-0-202011130602qttools-Windows-Windows_10-MSVC2019-Windows-Windows_10-X86_64.7z
2026-06-20 01:40:24,554 - aqt.helper - INFO - helper 13692 Success on attempt #2: Downloading qttools
2026-06-20 01:40:26,740 - aqt.helper - WARNING - helper 59464 Connection to 'https://download.qt.io' failed. Retrying with fallback 'https://mirrors.dotsrc.org/qtproject/'.
2026-06-20 01:40:26,741 - aqt.installer - DEBUG - installer 59464 Download URL: https://mirrors.dotsrc.org/qtproject/online/qtsdkrepository/windows_x86/desktop/qt5_5152/qt.qt5.5152.win64_msvc2019_64/5.15.2-0-202011130602qtwebsockets-Windows-Windows_10-MSVC2019-Windows-Windows_10-X86_64.7z
2026-06-20 01:40:27,892 - aqt.installer - INFO - installer 59464 Finished installation of qtwebsockets-Windows-Windows_10-MSVC2019-Windows-Windows_10-X86_64.7z in 26.78607250
2026-06-20 01:40:27,912 - aqt.helper - DEBUG - helper 59464 Attempt to download checksum at https://download.qt.io/online/qtsdkrepository/windows_x86/desktop/qt5_5152/qt.qt5.5152.win64_msvc2019_64/5.15.2-0-202011130602qtquickcontrols2-Windows-Windows_10-MSVC2019-Windows-Windows_10-X86_64.7z.sha256
2026-06-20 01:40:28,409 - aqt.installer - INFO - installer 13692 Finished installation of qttools-Windows-Windows_10-MSVC2019-Windows-Windows_10-X86_64.7z in 60.72390050
2026-06-20 01:40:28,431 - aqt.helper - DEBUG - helper 13692 Attempt to download checksum at https://download.qt.io/online/qtsdkrepository/windows_x86/desktop/qt5_5152/qt.qt5.5152.win64_msvc2019_64/5.15.2-0-202011130602qtxmlpatterns-Windows-Windows_10-MSVC2019-Windows-Windows_10-X86_64.7z.sha256
2026-06-20 01:40:28,655 - aqt.helper - INFO - helper 59464 Downloading qtquickcontrols2...
2026-06-20 01:40:28,656 - aqt.installer - DEBUG - installer 59464 Download URL: https://download.qt.io/online/qtsdkrepository/windows_x86/desktop/qt5_5152/qt.qt5.5152.win64_msvc2019_64/5.15.2-0-202011130602qtquickcontrols2-Windows-Windows_10-MSVC2019-Windows-Windows_10-X86_64.7z
2026-06-20 01:40:29,331 - aqt.helper - INFO - helper 13692 Downloading qtxmlpatterns...
2026-06-20 01:40:29,331 - aqt.installer - DEBUG - installer 13692 Download URL: https://download.qt.io/online/qtsdkrepository/windows_x86/desktop/qt5_5152/qt.qt5.5152.win64_msvc2019_64/5.15.2-0-202011130602qtxmlpatterns-Windows-Windows_10-MSVC2019-Windows-Windows_10-X86_64.7z
2026-06-20 01:40:29,498 - aqt.helper - DEBUG - helper 59464 Asked to redirect(302) to: https://mirror.maeen.sa/qtproject/online/qtsdkrepository/windows_x86/desktop/qt5_5152/qt.qt5.5152.win64_msvc2019_64/5.15.2-0-202011130602qtquickcontrols2-Windows-Windows_10-MSVC2019-Windows-Windows_10-X86_64.7z
2026-06-20 01:40:29,498 - aqt.helper - INFO - helper 59464 Redirected: mirror.maeen.sa
2026-06-20 01:40:30,101 - aqt.helper - DEBUG - helper 13692 Asked to redirect(302) to: https://mirror.maeen.sa/qtproject/online/qtsdkrepository/windows_x86/desktop/qt5_5152/qt.qt5.5152.win64_msvc2019_64/5.15.2-0-202011130602qtxmlpatterns-Windows-Windows_10-MSVC2019-Windows-Windows_10-X86_64.7z
2026-06-20 01:40:30,101 - aqt.helper - INFO - helper 13692 Redirected: mirror.maeen.sa
2026-06-20 01:40:30,705 - aqt.helper - WARNING - helper 31928 Connection to 'https://download.qt.io' failed. Retrying with fallback 'https://qt.mirror.constant.com/'.
2026-06-20 01:40:30,706 - aqt.installer - DEBUG - installer 31928 Download URL: https://qt.mirror.constant.com/online/qtsdkrepository/windows_x86/desktop/qt5_5152/qt.qt5.5152.win64_msvc2019_64/5.15.2-0-202011130602qtlocation-Windows-Windows_10-MSVC2019-Windows-Windows_10-X86_64.7z
2026-06-20 01:40:32,223 - aqt.helper - WARNING - helper 41652 Connection to 'https://download.qt.io' failed. Retrying with fallback 'https://mirrors.ukfast.co.uk/sites/qt.io/'.
2026-06-20 01:40:32,225 - aqt.installer - DEBUG - installer 41652 Download URL: https://mirrors.ukfast.co.uk/sites/qt.io/online/qtsdkrepository/windows_x86/desktop/qt5_5152/qt.qt5.5152.win64_msvc2019_64/5.15.2-0-202011130602qtquickcontrols-Windows-Windows_10-MSVC2019-Windows-Windows_10-X86_64.7z
2026-06-20 01:40:34,244 - aqt.installer - INFO - installer 31928 Finished installation of qtlocation-Windows-Windows_10-MSVC2019-Windows-Windows_10-X86_64.7z in 29.34346210
2026-06-20 01:40:34,266 - aqt.helper - DEBUG - helper 31928 Attempt to download checksum at https://download.qt.io/online/qtsdkrepository/windows_x86/desktop/qt5_5152/qt.qt5.5152.win64_msvc2019_64/5.15.2-0-202011130602qtwebview-Windows-Windows_10-MSVC2019-Windows-Windows_10-X86_64.7z.sha256
2026-06-20 01:40:35,058 - aqt.helper - INFO - helper 31928 Downloading qtwebview...
2026-06-20 01:40:35,058 - aqt.installer - DEBUG - installer 31928 Download URL: https://download.qt.io/online/qtsdkrepository/windows_x86/desktop/qt5_5152/qt.qt5.5152.win64_msvc2019_64/5.15.2-0-202011130602qtwebview-Windows-Windows_10-MSVC2019-Windows-Windows_10-X86_64.7z
2026-06-20 01:40:35,805 - aqt.helper - DEBUG - helper 31928 Asked to redirect(302) to: https://mirror.maeen.sa/qtproject/online/qtsdkrepository/windows_x86/desktop/qt5_5152/qt.qt5.5152.win64_msvc2019_64/5.15.2-0-202011130602qtwebview-Windows-Windows_10-MSVC2019-Windows-Windows_10-X86_64.7z
2026-06-20 01:40:35,805 - aqt.helper - INFO - helper 31928 Redirected: mirror.maeen.sa
2026-06-20 01:40:37,875 - aqt.installer - INFO - installer 41652 Finished installation of qtquickcontrols-Windows-Windows_10-MSVC2019-Windows-Windows_10-X86_64.7z in 31.27047060
2026-06-20 01:40:37,896 - aqt.helper - DEBUG - helper 41652 Attempt to download checksum at https://download.qt.io/online/qtsdkrepository/windows_x86/desktop/qt5_5152/qt.qt5.5152.win64_msvc2019_64/5.15.2-0-202011130602qtscxml-Windows-Windows_10-MSVC2019-Windows-Windows_10-X86_64.7z.sha256
2026-06-20 01:40:38,658 - aqt.helper - INFO - helper 41652 Downloading qtscxml...
2026-06-20 01:40:38,659 - aqt.installer - DEBUG - installer 41652 Download URL: https://download.qt.io/online/qtsdkrepository/windows_x86/desktop/qt5_5152/qt.qt5.5152.win64_msvc2019_64/5.15.2-0-202011130602qtscxml-Windows-Windows_10-MSVC2019-Windows-Windows_10-X86_64.7z
2026-06-20 01:40:39,517 - aqt.helper - DEBUG - helper 41652 Asked to redirect(302) to: https://mirror.maeen.sa/qtproject/online/qtsdkrepository/windows_x86/desktop/qt5_5152/qt.qt5.5152.win64_msvc2019_64/5.15.2-0-202011130602qtscxml-Windows-Windows_10-MSVC2019-Windows-Windows_10-X86_64.7z
2026-06-20 01:40:39,517 - aqt.helper - INFO - helper 41652 Redirected: mirror.maeen.sa
2026-06-20 01:40:53,566 - aqt.helper - WARNING - helper 59464 Connection to 'https://download.qt.io' failed. Retrying with fallback 'https://qtproject.mirror.liquidtelecom.com/'.
2026-06-20 01:40:53,567 - aqt.installer - DEBUG - installer 59464 Download URL: https://qtproject.mirror.liquidtelecom.com/online/qtsdkrepository/windows_x86/desktop/qt5_5152/qt.qt5.5152.win64_msvc2019_64/5.15.2-0-202011130602qtquickcontrols2-Windows-Windows_10-MSVC2019-Windows-Windows_10-X86_64.7z
2026-06-20 01:40:54,173 - aqt.helper - WARNING - helper 13692 Connection to 'https://download.qt.io' failed. Retrying with fallback 'https://mirrors.ukfast.co.uk/sites/qt.io/'.
2026-06-20 01:40:54,174 - aqt.installer - DEBUG - installer 13692 Download URL: https://mirrors.ukfast.co.uk/sites/qt.io/online/qtsdkrepository/windows_x86/desktop/qt5_5152/qt.qt5.5152.win64_msvc2019_64/5.15.2-0-202011130602qtxmlpatterns-Windows-Windows_10-MSVC2019-Windows-Windows_10-X86_64.7z
2026-06-20 01:40:57,140 - aqt.installer - INFO - installer 13692 Finished installation of qtxmlpatterns-Windows-Windows_10-MSVC2019-Windows-Windows_10-X86_64.7z in 28.71344880
2026-06-20 01:40:57,165 - aqt.helper - DEBUG - helper 13692 Attempt to download checksum at https://download.qt.io/online/qtsdkrepository/windows_x86/desktop/qt5_5152/qt.qt5.5152.win64_msvc2019_64/5.15.2-0-202011130602qtspeech-Windows-Windows_10-MSVC2019-Windows-Windows_10-X86_64.7z.sha256
2026-06-20 01:40:59,102 - aqt.installer - INFO - installer 59464 Finished installation of qtquickcontrols2-Windows-Windows_10-MSVC2019-Windows-Windows_10-X86_64.7z in 31.19417940
2026-06-20 01:40:59,127 - aqt.helper - DEBUG - helper 59464 Attempt to download checksum at https://download.qt.io/online/qtsdkrepository/windows_x86/desktop/qt5_5152/qt.qt5.5152.win64_msvc2019_64/5.15.2-0-202011130602qt3d-Windows-Windows_10-MSVC2019-Windows-Windows_10-X86_64.7z.sha256
2026-06-20 01:40:59,875 - aqt.helper - WARNING - helper 31928 Connection to 'https://download.qt.io' failed. Retrying with fallback 'https://ftp1.nluug.nl/languages/qt/'.
2026-06-20 01:40:59,876 - aqt.installer - DEBUG - installer 31928 Download URL: https://ftp1.nluug.nl/languages/qt/online/qtsdkrepository/windows_x86/desktop/qt5_5152/qt.qt5.5152.win64_msvc2019_64/5.15.2-0-202011130602qtwebview-Windows-Windows_10-MSVC2019-Windows-Windows_10-X86_64.7z
2026-06-20 01:41:00,035 - aqt.helper - INFO - helper 59464 Downloading qt3d...
2026-06-20 01:41:00,036 - aqt.installer - DEBUG - installer 59464 Download URL: https://download.qt.io/online/qtsdkrepository/windows_x86/desktop/qt5_5152/qt.qt5.5152.win64_msvc2019_64/5.15.2-0-202011130602qt3d-Windows-Windows_10-MSVC2019-Windows-Windows_10-X86_64.7z
2026-06-20 01:41:00,175 - aqt.helper - INFO - helper 13692 Downloading qtspeech...
2026-06-20 01:41:00,176 - aqt.installer - DEBUG - installer 13692 Download URL: https://download.qt.io/online/qtsdkrepository/windows_x86/desktop/qt5_5152/qt.qt5.5152.win64_msvc2019_64/5.15.2-0-202011130602qtspeech-Windows-Windows_10-MSVC2019-Windows-Windows_10-X86_64.7z
2026-06-20 01:41:00,949 - aqt.helper - DEBUG - helper 59464 Asked to redirect(302) to: https://mirror.maeen.sa/qtproject/online/qtsdkrepository/windows_x86/desktop/qt5_5152/qt.qt5.5152.win64_msvc2019_64/5.15.2-0-202011130602qt3d-Windows-Windows_10-MSVC2019-Windows-Windows_10-X86_64.7z
2026-06-20 01:41:00,949 - aqt.helper - INFO - helper 59464 Redirected: mirror.maeen.sa
2026-06-20 01:41:01,066 - aqt.helper - DEBUG - helper 13692 Asked to redirect(302) to: https://mirror.maeen.sa/qtproject/online/qtsdkrepository/windows_x86/desktop/qt5_5152/qt.qt5.5152.win64_msvc2019_64/5.15.2-0-202011130602qtspeech-Windows-Windows_10-MSVC2019-Windows-Windows_10-X86_64.7z
2026-06-20 01:41:01,066 - aqt.helper - INFO - helper 13692 Redirected: mirror.maeen.sa
2026-06-20 01:41:03,591 - aqt.helper - WARNING - helper 41652 Connection to 'https://download.qt.io' failed. Retrying with fallback 'https://ftp.jaist.ac.jp/pub/qtproject/'.
2026-06-20 01:41:03,591 - aqt.installer - DEBUG - installer 41652 Download URL: https://ftp.jaist.ac.jp/pub/qtproject/online/qtsdkrepository/windows_x86/desktop/qt5_5152/qt.qt5.5152.win64_msvc2019_64/5.15.2-0-202011130602qtscxml-Windows-Windows_10-MSVC2019-Windows-Windows_10-X86_64.7z
2026-06-20 01:41:08,510 - aqt.installer - INFO - installer 41652 Finished installation of qtscxml-Windows-Windows_10-MSVC2019-Windows-Windows_10-X86_64.7z in 30.61845470
2026-06-20 01:41:08,531 - aqt.helper - DEBUG - helper 41652 Attempt to download checksum at https://download.qt.io/online/qtsdkrepository/windows_x86/desktop/qt5_5152/qt.qt5.5152.win64_msvc2019_64/5.15.2-0-202011130602qtgamepad-Windows-Windows_10-MSVC2019-Windows-Windows_10-X86_64.7z.sha256
2026-06-20 01:41:09,344 - aqt.helper - INFO - helper 41652 Downloading qtgamepad...
2026-06-20 01:41:09,344 - aqt.installer - DEBUG - installer 41652 Download URL: https://download.qt.io/online/qtsdkrepository/windows_x86/desktop/qt5_5152/qt.qt5.5152.win64_msvc2019_64/5.15.2-0-202011130602qtgamepad-Windows-Windows_10-MSVC2019-Windows-Windows_10-X86_64.7z
2026-06-20 01:41:09,552 - aqt.helper - DEBUG - helper 31928 Attempt to download checksum at https://download.qt.io/online/qtsdkrepository/windows_x86/desktop/qt5_5152/qt.qt5.5152.win64_msvc2019_64/5.15.2-0-202011130602d3dcompiler_47-x64.7z.sha256
2026-06-20 01:41:10,154 - aqt.helper - DEBUG - helper 41652 Asked to redirect(302) to: https://mirror.maeen.sa/qtproject/online/qtsdkrepository/windows_x86/desktop/qt5_5152/qt.qt5.5152.win64_msvc2019_64/5.15.2-0-202011130602qtgamepad-Windows-Windows_10-MSVC2019-Windows-Windows_10-X86_64.7z
2026-06-20 01:41:10,155 - aqt.helper - INFO - helper 41652 Redirected: mirror.maeen.sa
2026-06-20 01:41:10,358 - aqt.helper - INFO - helper 31928 Downloading d3dcompiler_47...
2026-06-20 01:41:10,359 - aqt.installer - DEBUG - installer 31928 Download URL: https://download.qt.io/online/qtsdkrepository/windows_x86/desktop/qt5_5152/qt.qt5.5152.win64_msvc2019_64/5.15.2-0-202011130602d3dcompiler_47-x64.7z
2026-06-20 01:41:11,219 - aqt.helper - DEBUG - helper 31928 Asked to redirect(302) to: https://mirror.maeen.sa/qtproject/online/qtsdkrepository/windows_x86/desktop/qt5_5152/qt.qt5.5152.win64_msvc2019_64/5.15.2-0-202011130602d3dcompiler_47-x64.7z
2026-06-20 01:41:11,219 - aqt.helper - INFO - helper 31928 Redirected: mirror.maeen.sa
2026-06-20 01:41:25,051 - aqt.helper - WARNING - helper 59464 Connection to 'https://download.qt.io' failed. Retrying with fallback 'https://qtproject.mirror.liquidtelecom.com/'.
2026-06-20 01:41:25,051 - aqt.installer - DEBUG - installer 59464 Download URL: https://qtproject.mirror.liquidtelecom.com/online/qtsdkrepository/windows_x86/desktop/qt5_5152/qt.qt5.5152.win64_msvc2019_64/5.15.2-0-202011130602qt3d-Windows-Windows_10-MSVC2019-Windows-Windows_10-X86_64.7z
2026-06-20 01:41:25,160 - aqt.helper - WARNING - helper 13692 Connection to 'https://download.qt.io' failed. Retrying with fallback 'https://mirrors.ukfast.co.uk/sites/qt.io/'.
2026-06-20 01:41:25,161 - aqt.installer - DEBUG - installer 13692 Download URL: https://mirrors.ukfast.co.uk/sites/qt.io/online/qtsdkrepository/windows_x86/desktop/qt5_5152/qt.qt5.5152.win64_msvc2019_64/5.15.2-0-202011130602qtspeech-Windows-Windows_10-MSVC2019-Windows-Windows_10-X86_64.7z
2026-06-20 01:41:26,299 - aqt.installer - INFO - installer 13692 Finished installation of qtspeech-Windows-Windows_10-MSVC2019-Windows-Windows_10-X86_64.7z in 29.13868240
2026-06-20 01:41:26,316 - aqt.helper - DEBUG - helper 13692 Attempt to download checksum at https://download.qt.io/online/qtsdkrepository/windows_x86/desktop/qt5_5152/qt.qt5.5152.win64_msvc2019_64/5.15.2-0-202011130602qtremoteobjects-Windows-Windows_10-MSVC2019-Windows-Windows_10-X86_64.7z.sha256
2026-06-20 01:41:27,116 - aqt.helper - INFO - helper 13692 Downloading qtremoteobjects...
2026-06-20 01:41:27,117 - aqt.installer - DEBUG - installer 13692 Download URL: https://download.qt.io/online/qtsdkrepository/windows_x86/desktop/qt5_5152/qt.qt5.5152.win64_msvc2019_64/5.15.2-0-202011130602qtremoteobjects-Windows-Windows_10-MSVC2019-Windows-Windows_10-X86_64.7z
2026-06-20 01:41:30,326 - aqt.helper - DEBUG - helper 13692 Asked to redirect(302) to: https://mirror.maeen.sa/qtproject/online/qtsdkrepository/windows_x86/desktop/qt5_5152/qt.qt5.5152.win64_msvc2019_64/5.15.2-0-202011130602qtremoteobjects-Windows-Windows_10-MSVC2019-Windows-Windows_10-X86_64.7z
2026-06-20 01:41:30,326 - aqt.helper - INFO - helper 13692 Redirected: mirror.maeen.sa
2026-06-20 01:41:33,446 - aqt.installer - INFO - installer 59464 Finished installation of qt3d-Windows-Windows_10-MSVC2019-Windows-Windows_10-X86_64.7z in 34.32493220
2026-06-20 01:41:34,207 - aqt.helper - WARNING - helper 41652 Connection to 'https://download.qt.io' failed. Retrying with fallback 'https://mirrors.dotsrc.org/qtproject/'.
2026-06-20 01:41:34,208 - aqt.installer - DEBUG - installer 41652 Download URL: https://mirrors.dotsrc.org/qtproject/online/qtsdkrepository/windows_x86/desktop/qt5_5152/qt.qt5.5152.win64_msvc2019_64/5.15.2-0-202011130602qtgamepad-Windows-Windows_10-MSVC2019-Windows-Windows_10-X86_64.7z
2026-06-20 01:41:35,282 - aqt.helper - WARNING - helper 31928 Connection to 'https://download.qt.io' failed. Retrying with fallback 'https://qt-mirror.dannhauer.de/'.
2026-06-20 01:41:35,283 - aqt.installer - DEBUG - installer 31928 Download URL: https://qt-mirror.dannhauer.de/online/qtsdkrepository/windows_x86/desktop/qt5_5152/qt.qt5.5152.win64_msvc2019_64/5.15.2-0-202011130602d3dcompiler_47-x64.7z
2026-06-20 01:41:35,519 - aqt.installer - INFO - installer 41652 Finished installation of qtgamepad-Windows-Windows_10-MSVC2019-Windows-Windows_10-X86_64.7z in 26.99381930
2026-06-20 01:41:54,381 - aqt.helper - WARNING - helper 13692 Connection to 'https://download.qt.io' failed. Retrying with fallback 'https://mirrors.ukfast.co.uk/sites/qt.io/'.
2026-06-20 01:41:54,382 - aqt.installer - DEBUG - installer 13692 Download URL: https://mirrors.ukfast.co.uk/sites/qt.io/online/qtsdkrepository/windows_x86/desktop/qt5_5152/qt.qt5.5152.win64_msvc2019_64/5.15.2-0-202011130602qtremoteobjects-Windows-Windows_10-MSVC2019-Windows-Windows_10-X86_64.7z
2026-06-20 01:41:55,962 - aqt.installer - INFO - installer 13692 Finished installation of qtremoteobjects-Windows-Windows_10-MSVC2019-Windows-Windows_10-X86_64.7z in 29.64965810
2026-06-20 01:41:55,980 - aqt.installer - WARNING - installer 22616 Caught ArchiveConnectionError, terminating installer workers
2026-06-20 01:41:55,998 - aqt.main - ERROR - installer 22616 Connection error: (MaxRetryError('HTTPSConnectionPool(host=\'ftp2.nluug.nl\', port=443): Max retries exceeded with url: /languages/qt/online/qtsdkrepository/windows_x86/desktop/qt5_5152/qt.qt5.5152.win64_msvc2019_64/5.15.2-0-202011130602qttranslations-Windows-Windows_10-MSVC2019-Windows-Windows_10-X86_64.7z (Caused by SSLError(SSLCertVerificationError(1, "[SSL: CERTIFICATE_VERIFY_FAILED] certificate verify failed: Hostname mismatch, certificate is not valid for \'ftp2.nluug.nl\'. (_ssl.c:1032)")))'),)
